Using pre-set license
Built from '2021.1/staging' branch; Version is '2021.1.3f1 (4bef613afd59) revision 4976481'; Using compiler version '192528614'; Build Type 'Release'
OS: 'Windows 10 Home; OS build 19042.928; Version 2009; 64bit' Language: 'en' Physical Memory: 8034 MB
BatchMode: 1, IsHumanControllingUs: 0, StartBugReporterOnCrash: 0, Is64bit: 1, IsPro: 0

 COMMAND LINE ARGUMENTS:
C:\Program Files\Unity\Hub\Editor\2021.1.3f1\Editor\Unity.exe
-adb2
-batchMode
-noUpm
-name
AssetImportWorker0
-projectPath
C:/Users/sujan/Documents/Unity Projects/Project Stormlight
-logFile
Logs/AssetImportWorker0.log
-srvPort
55447
Successfully changed project path to: C:/Users/sujan/Documents/Unity Projects/Project Stormlight
C:/Users/sujan/Documents/Unity Projects/Project Stormlight
Using Asset Import Pipeline V2.
Refreshing native plugins compatible for Editor in 80.30 ms, found 1 plugins.
Preloading 0 native plugins for Editor in 0.00 ms.
Initialize engine version: 2021.1.3f1 (4bef613afd59)
[Subsystems] Discovering subsystems at path C:/Program Files/Unity/Hub/Editor/2021.1.3f1/Editor/Data/Resources/UnitySubsystems
[Subsystems] Discovering subsystems at path C:/Users/sujan/Documents/Unity Projects/Project Stormlight/Assets
GfxDevice: creating device client; threaded=0; jobified=0
Direct3D:
    Version:  Direct3D 11.0 [level 11.1]
    Renderer: NVIDIA GeForce GTX 1050 (ID=0x1c8d)
    Vendor:   NVIDIA
    VRAM:     4019 MB
    Driver:   27.21.14.6589
Initialize mono
Mono path[0] = 'C:/Program Files/Unity/Hub/Editor/2021.1.3f1/Editor/Data/Managed'
Mono path[1] = 'C:/Program Files/Unity/Hub/Editor/2021.1.3f1/Editor/Data/MonoBleedingEdge/lib/mono/unityjit'
Mono config path = 'C:/Program Files/Unity/Hub/Editor/2021.1.3f1/Editor/Data/MonoBleedingEdge/etc'
Using monoOptions --debugger-agent=transport=dt_socket,embedding=1,server=y,suspend=n,address=127.0.0.1:56428
Begin MonoManager ReloadAssembly
Registering precompiled unity dll's ...
Register platform support module: C:/Program Files/Unity/Hub/Editor/2021.1.3f1/Editor/Data/PlaybackEngines/WebGLSupport/UnityEditor.WebGL.Extensions.dll
Register platform support module: C:/Program Files/Unity/Hub/Editor/2021.1.3f1/Editor/Data/PlaybackEngines/MacStandaloneSupport/UnityEditor.OSXStandalone.Extensions.dll
Register platform support module: C:/Program Files/Unity/Hub/Editor/2021.1.3f1/Editor/Data/PlaybackEngines/WindowsStandaloneSupport/UnityEditor.WindowsStandalone.Extensions.dll
Register platform support module: C:/Program Files/Unity/Hub/Editor/2021.1.3f1/Editor/Data/PlaybackEngines/LinuxStandaloneSupport/UnityEditor.LinuxStandalone.Extensions.dll
Register platform support module: C:/Program Files/Unity/Hub/Editor/2021.1.3f1/Editor/Data/PlaybackEngines/LuminSupport/UnityEditor.Lumin.Extensions.dll
Registered in 0.003625 seconds.
Native extension for Lumin target not found
Native extension for LinuxStandalone target not found
Native extension for WindowsStandalone target not found
Native extension for OSXStandalone target not found
Native extension for WebGL target not found
Refreshing native plugins compatible for Editor in 80.43 ms, found 1 plugins.
Preloading 0 native plugins for Editor in 0.00 ms.
Mono: successfully reloaded assembly
- Completed reload, in  2.800 seconds
Platform modules already initialized, skipping
Registering precompiled user dll's ...
Registered in 0.003509 seconds.
Begin MonoManager ReloadAssembly
Native extension for Lumin target not found
Native extension for LinuxStandalone target not found
Native extension for WindowsStandalone target not found
Native extension for OSXStandalone target not found
Native extension for WebGL target not found
Refreshing native plugins compatible for Editor in 0.74 ms, found 1 plugins.
Preloading 0 native plugins for Editor in 0.00 ms.
Mono: successfully reloaded assembly
- Completed reload, in  1.104 seconds
Platform modules already initialized, skipping
========================================================================
Worker process is ready to serve import requests
Launched and connected shader compiler UnityShaderCompiler.exe after 0.05 seconds
Refreshing native plugins compatible for Editor in 0.53 ms, found 1 plugins.
Preloading 0 native plugins for Editor in 0.00 ms.
Unloading 2819 Unused Serialized files (Serialized files now loaded: 0)
System memory in use before: 103.3 MB.
System memory in use after: 103.5 MB.

Unloading 16 unused Assets to reduce memory usage. Loaded Objects now: 3270.
Total: 4.772500 ms (FindLiveObjects: 0.359200 ms CreateObjectMapping: 0.203600 ms MarkObjects: 3.988300 ms  DeleteObjects: 0.219900 ms)

========================================================================
Received Import Request.
  path: Assets/Kevin Iglesias/Basic Motions Pack
  artifactKey: Guid(2cb279c410b7a3e4dbf4aab42283effa) Importer(815301076,1909f56bfc062723c751e8b465ee728b)
Start importing Assets/Kevin Iglesias/Basic Motions Pack using Guid(2cb279c410b7a3e4dbf4aab42283effa) Importer(815301076,1909f56bfc062723c751e8b465ee728b)  -> (artifact id: '31a77eb4ada65ce9af768c059c720961') in 0.005073 seconds 
========================================================================
Received Import Request.
  Time since last request: 0.000294 seconds.
  path: Assets/Kevin Iglesias/Basic Motions Pack/Models
  artifactKey: Guid(c310a300a0358f94f81e0eeb585d6cf4) Importer(815301076,1909f56bfc062723c751e8b465ee728b)
Start importing Assets/Kevin Iglesias/Basic Motions Pack/Models using Guid(c310a300a0358f94f81e0eeb585d6cf4) Importer(815301076,1909f56bfc062723c751e8b465ee728b)  -> (artifact id: '09a615d85867ba7e57e4c5694cb752b1') in 0.002712 seconds 
========================================================================
Received Import Request.
  Time since last request: 4.292782 seconds.
  path: Assets
  artifactKey: Guid(00000000000000001000000000000000) Importer(815301076,1909f56bfc062723c751e8b465ee728b)
Start importing Assets using Guid(00000000000000001000000000000000) Importer(815301076,1909f56bfc062723c751e8b465ee728b)  -> (artifact id: 'efcc68737208a1d7a8581e190ec11b99') in 0.001899 seconds 
========================================================================
Received Import Request.
  Time since last request: 9.638374 seconds.
  path: Assets/CharacterMovement.cs
  artifactKey: Guid(783717ccbfe7ccf4ba38a59f9055aa98) Importer(815301076,1909f56bfc062723c751e8b465ee728b)
Start importing Assets/CharacterMovement.cs using Guid(783717ccbfe7ccf4ba38a59f9055aa98) Importer(815301076,1909f56bfc062723c751e8b465ee728b)  -> (artifact id: 'cdb060daa877de7b0933d177ccdc24ed') in 0.041700 seconds 
========================================================================
Received Prepare
Registering precompiled user dll's ...
Registered in 0.003532 seconds.
Begin MonoManager ReloadAssembly
Native extension for Lumin target not found
Native extension for LinuxStandalone target not found
Native extension for WindowsStandalone target not found
Native extension for OSXStandalone target not found
Native extension for WebGL target not found
Refreshing native plugins compatible for Editor in 0.52 ms, found 1 plugins.
Preloading 0 native plugins for Editor in 0.00 ms.
Mono: successfully reloaded assembly
- Completed reload, in  1.010 seconds
Platform modules already initialized, skipping
Refreshing native plugins compatible for Editor in 0.59 ms, found 1 plugins.
Preloading 0 native plugins for Editor in 0.00 ms.
Unloading 2813 Unused Serialized files (Serialized files now loaded: 0)
System memory in use before: 103.2 MB.
System memory in use after: 103.4 MB.

Unloading 11 unused Assets to reduce memory usage. Loaded Objects now: 3274.
Total: 4.864700 ms (FindLiveObjects: 0.528200 ms CreateObjectMapping: 0.296800 ms MarkObjects: 3.931300 ms  DeleteObjects: 0.106700 ms)

========================================================================
Received Import Request.
  Time since last request: 8.344923 seconds.
  path: Assets/Scritps
  artifactKey: Guid(c08eb4431c664d74198a64e9da2b2b5b) Importer(815301076,1909f56bfc062723c751e8b465ee728b)
Start importing Assets/Scritps using Guid(c08eb4431c664d74198a64e9da2b2b5b) Importer(815301076,1909f56bfc062723c751e8b465ee728b)  -> (artifact id: '95ec532ac4834880f4866e77e604d107') in 0.005029 seconds 
========================================================================
Received Import Request.
  Time since last request: 14.301919 seconds.
  path: Assets/Scripts
  artifactKey: Guid(c08eb4431c664d74198a64e9da2b2b5b) Importer(815301076,1909f56bfc062723c751e8b465ee728b)
Start importing Assets/Scripts using Guid(c08eb4431c664d74198a64e9da2b2b5b) Importer(815301076,1909f56bfc062723c751e8b465ee728b)  -> (artifact id: '985a08c3fba7a2ba9dda4cf12440f387') in 0.002380 seconds 
========================================================================
Received Prepare
Registering precompiled user dll's ...
Registered in 0.003272 seconds.
Begin MonoManager ReloadAssembly
Native extension for Lumin target not found
Native extension for LinuxStandalone target not found
Native extension for WindowsStandalone target not found
Native extension for OSXStandalone target not found
Native extension for WebGL target not found
Refreshing native plugins compatible for Editor in 0.71 ms, found 1 plugins.
Preloading 0 native plugins for Editor in 0.00 ms.
Mono: successfully reloaded assembly
- Completed reload, in  1.055 seconds
Platform modules already initialized, skipping
Refreshing native plugins compatible for Editor in 0.54 ms, found 1 plugins.
Preloading 0 native plugins for Editor in 0.00 ms.
Unloading 2813 Unused Serialized files (Serialized files now loaded: 0)
System memory in use before: 103.2 MB.
System memory in use after: 103.4 MB.

Unloading 11 unused Assets to reduce memory usage. Loaded Objects now: 3277.
Total: 2.640900 ms (FindLiveObjects: 0.569400 ms CreateObjectMapping: 0.210800 ms MarkObjects: 1.812700 ms  DeleteObjects: 0.046000 ms)

========================================================================
Received Prepare
Registering precompiled user dll's ...
Registered in 0.003337 seconds.
Begin MonoManager ReloadAssembly
Native extension for Lumin target not found
Native extension for LinuxStandalone target not found
Native extension for WindowsStandalone target not found
Native extension for OSXStandalone target not found
Native extension for WebGL target not found
Refreshing native plugins compatible for Editor in 0.48 ms, found 1 plugins.
Preloading 0 native plugins for Editor in 0.00 ms.
Mono: successfully reloaded assembly
- Completed reload, in  1.012 seconds
Platform modules already initialized, skipping
Refreshing native plugins compatible for Editor in 0.90 ms, found 1 plugins.
Preloading 0 native plugins for Editor in 0.00 ms.
Unloading 2813 Unused Serialized files (Serialized files now loaded: 0)
System memory in use before: 103.3 MB.
System memory in use after: 103.5 MB.

Unloading 11 unused Assets to reduce memory usage. Loaded Objects now: 3280.
Total: 2.411500 ms (FindLiveObjects: 0.267000 ms CreateObjectMapping: 0.160100 ms MarkObjects: 1.938300 ms  DeleteObjects: 0.044500 ms)

========================================================================
Received Prepare
Registering precompiled user dll's ...
Registered in 0.003351 seconds.
Begin MonoManager ReloadAssembly
Native extension for Lumin target not found
Native extension for LinuxStandalone target not found
Native extension for WindowsStandalone target not found
Native extension for OSXStandalone target not found
Native extension for WebGL target not found
Refreshing native plugins compatible for Editor in 0.46 ms, found 1 plugins.
Preloading 0 native plugins for Editor in 0.00 ms.
Mono: successfully reloaded assembly
- Completed reload, in  0.899 seconds
Platform modules already initialized, skipping
Refreshing native plugins compatible for Editor in 0.48 ms, found 1 plugins.
Preloading 0 native plugins for Editor in 0.00 ms.
Unloading 2813 Unused Serialized files (Serialized files now loaded: 0)
System memory in use before: 103.3 MB.
System memory in use after: 103.5 MB.

Unloading 11 unused Assets to reduce memory usage. Loaded Objects now: 3283.
Total: 2.717600 ms (FindLiveObjects: 0.427200 ms CreateObjectMapping: 0.355000 ms MarkObjects: 1.888600 ms  DeleteObjects: 0.045000 ms)

========================================================================
Received Import Request.
  Time since last request: 389.081543 seconds.
  path: Assets/Materials
  artifactKey: Guid(73d3581da61c56a4f88f194acd76b110) Importer(815301076,1909f56bfc062723c751e8b465ee728b)
Start importing Assets/Materials using Guid(73d3581da61c56a4f88f194acd76b110) Importer(815301076,1909f56bfc062723c751e8b465ee728b)  -> (artifact id: 'd925d7c9f71f0539c73dc56bbdfa83b3') in 0.004774 seconds 
========================================================================
Received Prepare
Registering precompiled user dll's ...
Registered in 0.003383 seconds.
Begin MonoManager ReloadAssembly
Native extension for Lumin target not found
Native extension for LinuxStandalone target not found
Native extension for WindowsStandalone target not found
Native extension for OSXStandalone target not found
Native extension for WebGL target not found
Refreshing native plugins compatible for Editor in 0.47 ms, found 1 plugins.
Preloading 0 native plugins for Editor in 0.00 ms.
Mono: successfully reloaded assembly
- Completed reload, in  0.950 seconds
Platform modules already initialized, skipping
Refreshing native plugins compatible for Editor in 0.56 ms, found 1 plugins.
Preloading 0 native plugins for Editor in 0.00 ms.
Unloading 2813 Unused Serialized files (Serialized files now loaded: 0)
System memory in use before: 103.3 MB.
System memory in use after: 103.5 MB.

Unloading 11 unused Assets to reduce memory usage. Loaded Objects now: 3286.
Total: 3.462700 ms (FindLiveObjects: 1.103500 ms CreateObjectMapping: 0.247700 ms MarkObjects: 2.043300 ms  DeleteObjects: 0.066600 ms)

========================================================================
Received Prepare
Registering precompiled user dll's ...
Registered in 0.003234 seconds.
Begin MonoManager ReloadAssembly
Native extension for Lumin target not found
Native extension for LinuxStandalone target not found
Native extension for WindowsStandalone target not found
Native extension for OSXStandalone target not found
Native extension for WebGL target not found
Refreshing native plugins compatible for Editor in 0.53 ms, found 1 plugins.
Preloading 0 native plugins for Editor in 0.00 ms.
Mono: successfully reloaded assembly
- Completed reload, in  0.910 seconds
Platform modules already initialized, skipping
Refreshing native plugins compatible for Editor in 0.73 ms, found 1 plugins.
Preloading 0 native plugins for Editor in 0.00 ms.
Unloading 2813 Unused Serialized files (Serialized files now loaded: 0)
System memory in use before: 103.3 MB.
System memory in use after: 103.5 MB.

Unloading 11 unused Assets to reduce memory usage. Loaded Objects now: 3289.
Total: 3.350000 ms (FindLiveObjects: 0.396700 ms CreateObjectMapping: 0.215800 ms MarkObjects: 2.668200 ms  DeleteObjects: 0.066300 ms)

========================================================================
Received Import Request.
  Time since last request: 456.797963 seconds.
  path: Assets/Scripts/CharacterMovement.cs
  artifactKey: Guid(783717ccbfe7ccf4ba38a59f9055aa98) Importer(815301076,1909f56bfc062723c751e8b465ee728b)
Start importing Assets/Scripts/CharacterMovement.cs using Guid(783717ccbfe7ccf4ba38a59f9055aa98) Importer(815301076,1909f56bfc062723c751e8b465ee728b)  -> (artifact id: 'f91da6dc1f741cc3b714860022d28df6') in 0.006173 seconds 
========================================================================
Received Prepare
Registering precompiled user dll's ...
Registered in 0.003422 seconds.
Begin MonoManager ReloadAssembly
Native extension for Lumin target not found
Native extension for LinuxStandalone target not found
Native extension for WindowsStandalone target not found
Native extension for OSXStandalone target not found
Native extension for WebGL target not found
Refreshing native plugins compatible for Editor in 0.47 ms, found 1 plugins.
Preloading 0 native plugins for Editor in 0.00 ms.
Mono: successfully reloaded assembly
- Completed reload, in  0.907 seconds
Platform modules already initialized, skipping
Refreshing native plugins compatible for Editor in 0.52 ms, found 1 plugins.
Preloading 0 native plugins for Editor in 0.00 ms.
Unloading 2813 Unused Serialized files (Serialized files now loaded: 0)
System memory in use before: 103.3 MB.
System memory in use after: 103.5 MB.

Unloading 11 unused Assets to reduce memory usage. Loaded Objects now: 3292.
Total: 2.408500 ms (FindLiveObjects: 0.426500 ms CreateObjectMapping: 0.315200 ms MarkObjects: 1.623800 ms  DeleteObjects: 0.042100 ms)

========================================================================
Received Import Request.
  Time since last request: 98.673215 seconds.
  path: Assets/Animation
  artifactKey: Guid(3c874735ecef3344fa78ca1056ce4c0a) Importer(815301076,1909f56bfc062723c751e8b465ee728b)
Start importing Assets/Animation using Guid(3c874735ecef3344fa78ca1056ce4c0a) Importer(815301076,1909f56bfc062723c751e8b465ee728b)  -> (artifact id: 'c757e6f8b4a71b331d8c83922ac6f809') in 0.005102 seconds 
========================================================================
Received Import Request.
  Time since last request: 11.461398 seconds.
  path: Assets/Animation/Basic.controller
  artifactKey: Guid(1ed77cd9cd5bdbe4dbb7a0bfe57f237a) Importer(815301076,1909f56bfc062723c751e8b465ee728b)
Start importing Assets/Animation/Basic.controller using Guid(1ed77cd9cd5bdbe4dbb7a0bfe57f237a) Importer(815301076,1909f56bfc062723c751e8b465ee728b)  -> (artifact id: '6df784f13f2d352d7ab6ef11bd9b1c1d') in 0.018347 seconds 
========================================================================
Received Import Request.
  Time since last request: 14.978670 seconds.
  path: Assets/Kevin Iglesias/Basic Motions Pack/Animations
  artifactKey: Guid(7eb11f9df068c2b45bc52cfc0d6e3f25) Importer(815301076,1909f56bfc062723c751e8b465ee728b)
Start importing Assets/Kevin Iglesias/Basic Motions Pack/Animations using Guid(7eb11f9df068c2b45bc52cfc0d6e3f25) Importer(815301076,1909f56bfc062723c751e8b465ee728b)  -> (artifact id: '0143f90e8b30159f66865a586b972f93') in 0.003352 seconds 
========================================================================
Received Prepare
Registering precompiled user dll's ...
Registered in 0.003234 seconds.
Begin MonoManager ReloadAssembly
Native extension for Lumin target not found
Native extension for LinuxStandalone target not found
Native extension for WindowsStandalone target not found
Native extension for OSXStandalone target not found
Native extension for WebGL target not found
Refreshing native plugins compatible for Editor in 0.47 ms, found 1 plugins.
Preloading 0 native plugins for Editor in 0.00 ms.
Mono: successfully reloaded assembly
- Completed reload, in  0.891 seconds
Platform modules already initialized, skipping
Refreshing native plugins compatible for Editor in 0.47 ms, found 1 plugins.
Preloading 0 native plugins for Editor in 0.00 ms.
Unloading 2813 Unused Serialized files (Serialized files now loaded: 0)
System memory in use before: 103.3 MB.
System memory in use after: 103.5 MB.

Unloading 11 unused Assets to reduce memory usage. Loaded Objects now: 3295.
Total: 2.434100 ms (FindLiveObjects: 0.316400 ms CreateObjectMapping: 0.187200 ms MarkObjects: 1.888600 ms  DeleteObjects: 0.041000 ms)

========================================================================
Received Prepare
Registering precompiled user dll's ...
Registered in 0.003457 seconds.
Begin MonoManager ReloadAssembly
Native extension for Lumin target not found
Native extension for LinuxStandalone target not found
Native extension for WindowsStandalone target not found
Native extension for OSXStandalone target not found
Native extension for WebGL target not found
Refreshing native plugins compatible for Editor in 0.51 ms, found 1 plugins.
Preloading 0 native plugins for Editor in 0.00 ms.
Mono: successfully reloaded assembly
- Completed reload, in  0.928 seconds
Platform modules already initialized, skipping
Refreshing native plugins compatible for Editor in 0.69 ms, found 1 plugins.
Preloading 0 native plugins for Editor in 0.00 ms.
Unloading 2813 Unused Serialized files (Serialized files now loaded: 0)
System memory in use before: 103.3 MB.
System memory in use after: 103.5 MB.

Unloading 11 unused Assets to reduce memory usage. Loaded Objects now: 3298.
Total: 2.721200 ms (FindLiveObjects: 0.377700 ms CreateObjectMapping: 0.216500 ms MarkObjects: 2.078800 ms  DeleteObjects: 0.046500 ms)

========================================================================
Received Prepare
Registering precompiled user dll's ...
Registered in 0.003357 seconds.
Begin MonoManager ReloadAssembly
Native extension for Lumin target not found
Native extension for LinuxStandalone target not found
Native extension for WindowsStandalone target not found
Native extension for OSXStandalone target not found
Native extension for WebGL target not found
Refreshing native plugins compatible for Editor in 0.54 ms, found 1 plugins.
Preloading 0 native plugins for Editor in 0.00 ms.
Mono: successfully reloaded assembly
- Completed reload, in  0.860 seconds
Platform modules already initialized, skipping
Refreshing native plugins compatible for Editor in 0.56 ms, found 1 plugins.
Preloading 0 native plugins for Editor in 0.00 ms.
Unloading 2813 Unused Serialized files (Serialized files now loaded: 0)
System memory in use before: 103.3 MB.
System memory in use after: 103.5 MB.

Unloading 11 unused Assets to reduce memory usage. Loaded Objects now: 3301.
Total: 2.318200 ms (FindLiveObjects: 0.357000 ms CreateObjectMapping: 0.206200 ms MarkObjects: 1.715300 ms  DeleteObjects: 0.038800 ms)

========================================================================
Received Import Request.
  Time since last request: 269.450801 seconds.
  path: Assets/Kevin Iglesias/Basic Motions Pack/Animations/BasicMotions@RunBackwards01.fbx
  artifactKey: Guid(1824a4a2dfb1f504d986afd32c89d22c) Importer(815301076,1909f56bfc062723c751e8b465ee728b)
Start importing Assets/Kevin Iglesias/Basic Motions Pack/Animations/BasicMotions@RunBackwards01.fbx using Guid(1824a4a2dfb1f504d986afd32c89d22c) Importer(815301076,1909f56bfc062723c751e8b465ee728b)  -> (artifact id: 'c0a9e6f90314703b0def4171f3b56468') in 0.062372 seconds 
========================================================================
Received Import Request.
  Time since last request: 1.295019 seconds.
  path: Assets/Kevin Iglesias/Basic Motions Pack/Animations/BasicMotions@Jump01.fbx
  artifactKey: Guid(7f0ffdcc529388b48bf0f30b84d26263) Importer(815301076,1909f56bfc062723c751e8b465ee728b)
Start importing Assets/Kevin Iglesias/Basic Motions Pack/Animations/BasicMotions@Jump01.fbx using Guid(7f0ffdcc529388b48bf0f30b84d26263) Importer(815301076,1909f56bfc062723c751e8b465ee728b)  -> (artifact id: 'a9036f667a8569c0fd4ccca346732bb8') in 0.011256 seconds 
AssetImportWorkerClient::OnTransportError - code=2 error=End of file
